Start testing: May 21 21:31 -03
----------------------------------------------------------
1/5 Testing: feebas-test-tests_particle_tests_test01_cpp
1/5 Test: feebas-test-tests_particle_tests_test01_cpp
Command: "/home/matias/Feebas/build-tests/feebas-test-tests_particle_tests_test01_cpp"
Directory: /home/matias/Feebas/build-tests
"feebas-test-tests_particle_tests_test01_cpp" start time: May 21 21:31 -03
Output:
----------------------------------------------------------
Randomness seeded to: 2538096661
===============================================================================
All tests passed (2 assertions in 1 test case)

<end of output>
Test time =   1.27 sec
----------------------------------------------------------
Test Passed.
"feebas-test-tests_particle_tests_test01_cpp" end time: May 21 21:31 -03
"feebas-test-tests_particle_tests_test01_cpp" time elapsed: 00:00:01
----------------------------------------------------------

2/5 Testing: feebas-test-tests_world_tests_test01_cpp
2/5 Test: feebas-test-tests_world_tests_test01_cpp
Command: "/home/matias/Feebas/build-tests/feebas-test-tests_world_tests_test01_cpp"
Directory: /home/matias/Feebas/build-tests
"feebas-test-tests_world_tests_test01_cpp" start time: May 21 21:31 -03
Output:
----------------------------------------------------------
Randomness seeded to: 2748778242
===============================================================================
All tests passed (2 assertions in 1 test case)

<end of output>
Test time =   0.93 sec
----------------------------------------------------------
Test Passed.
"feebas-test-tests_world_tests_test01_cpp" end time: May 21 21:31 -03
"feebas-test-tests_world_tests_test01_cpp" time elapsed: 00:00:00
----------------------------------------------------------

3/5 Testing: feebas-test-tests_world_tests_test02_cpp
3/5 Test: feebas-test-tests_world_tests_test02_cpp
Command: "/home/matias/Feebas/build-tests/feebas-test-tests_world_tests_test02_cpp"
Directory: /home/matias/Feebas/build-tests
"feebas-test-tests_world_tests_test02_cpp" start time: May 21 21:31 -03
Output:
----------------------------------------------------------
Randomness seeded to: 1160241449
===============================================================================
All tests passed (1 assertion in 1 test case)

<end of output>
Test time =   0.95 sec
----------------------------------------------------------
Test Passed.
"feebas-test-tests_world_tests_test02_cpp" end time: May 21 21:31 -03
"feebas-test-tests_world_tests_test02_cpp" time elapsed: 00:00:00
----------------------------------------------------------

4/5 Testing: feebas-test-tests_world_tests_test03_cpp
4/5 Test: feebas-test-tests_world_tests_test03_cpp
Command: "/home/matias/Feebas/build-tests/feebas-test-tests_world_tests_test03_cpp"
Directory: /home/matias/Feebas/build-tests
"feebas-test-tests_world_tests_test03_cpp" start time: May 21 21:31 -03
Output:
----------------------------------------------------------
Randomness seeded to: 618129898
===============================================================================
All tests passed (3 assertions in 1 test case)

<end of output>
Test time =   1.36 sec
----------------------------------------------------------
Test Passed.
"feebas-test-tests_world_tests_test03_cpp" end time: May 21 21:31 -03
"feebas-test-tests_world_tests_test03_cpp" time elapsed: 00:00:01
----------------------------------------------------------

5/5 Testing: feebas-test-tests_world_tests_test04_cpp
5/5 Test: feebas-test-tests_world_tests_test04_cpp
Command: "/home/matias/Feebas/build-tests/feebas-test-tests_world_tests_test04_cpp"
Directory: /home/matias/Feebas/build-tests
"feebas-test-tests_world_tests_test04_cpp" start time: May 21 21:31 -03
Output:
----------------------------------------------------------
Randomness seeded to: 2240264154
===============================================================================
All tests passed (2 assertions in 1 test case)

<end of output>
Test time =   1.27 sec
----------------------------------------------------------
Test Passed.
"feebas-test-tests_world_tests_test04_cpp" end time: May 21 21:31 -03
"feebas-test-tests_world_tests_test04_cpp" time elapsed: 00:00:01
----------------------------------------------------------

End testing: May 21 21:31 -03
